<?xml version="1.0" encoding="UTF-8"?>
<!-- Generated by org.testng.reporters.JUnitReportReporter -->
<testsuite skipped="0" hostname="DESKTOP-K1LJIP1" name="India.Muthu.Selenium" tests="2" failures="0" timestamp="02 Apr 2019 03:39:15 GMT" time="40.993" errors="0">
  <testcase name="muthu" time="9.174" classname="India.Muthu.Selenium"/>
  <testcase name="f" time="31.819" classname="India.Muthu.Selenium"/>
</testsuite> <!-- India.Muthu.Selenium -->
